app/build/intermediates/manifest_merge_blame_file/debug/processDebugMainManifest/manifest-merger-blame-debug-report.txt
1<?xml version="1.0" encoding="utf-8"?>
2<manifest xmlns:android="http://schemas.android.com/apk/res/android"
3    package="com.example.barbershopapp.debug"
4    android:versionCode="2"
5    android:versionName="1.1-debug" >
6
7    <uses-sdk
8        android:minSdkVersion="26"
9        android:targetSdkVersion="35" />
10
11    <uses-permission android:name="android.permission.CAMERA" />
11-->src\main\AndroidManifest.xml:5:5-65
11-->src\main\AndroidManifest.xml:5:22-62
12    <uses-permission
12-->src\main\AndroidManifest.xml:6:5-7:37
13        android:name="android.permission.WRITE_EXTERNAL_STORAGE"
13-->src\main\AndroidManifest.xml:6:22-78
14        android:maxSdkVersion="32" />
14-->src\main\AndroidManifest.xml:7:9-35
15    <uses-permission
15-->src\main\AndroidManifest.xml:8:5-9:37
16        android:name="android.permission.READ_EXTERNAL_STORAGE"
16-->src\main\AndroidManifest.xml:8:22-77
17        android:maxSdkVersion="32" />
17-->src\main\AndroidManifest.xml:9:9-35
18    <uses-permission android:name="android.permission.READ_MEDIA_IMAGES" />
18-->src\main\AndroidManifest.xml:10:5-75
18-->src\main\AndroidManifest.xml:10:22-73
19    <uses-permission android:name="android.permission.INTERNET" />
19-->src\main\AndroidManifest.xml:11:5-67
19-->src\main\AndroidManifest.xml:11:22-64
20    <uses-permission android:name="android.permission.USE_BIOMETRIC" />
20-->src\main\AndroidManifest.xml:12:5-72
20-->src\main\AndroidManifest.xml:12:22-69
21    <uses-permission android:name="android.permission.USE_FINGERPRINT" />
21-->src\main\AndroidManifest.xml:13:5-74
21-->src\main\AndroidManifest.xml:13:22-71
22
23    <!-- Permisos de ubicación -->
24    <uses-permission android:name="android.permission.ACCESS_FINE_LOCATION" />
24-->src\main\AndroidManifest.xml:16:5-79
24-->src\main\AndroidManifest.xml:16:22-76
25    <uses-permission android:name="android.permission.ACCESS_COARSE_LOCATION" />
25-->src\main\AndroidManifest.xml:17:5-81
25-->src\main\AndroidManifest.xml:17:22-78
26
27    <!-- Permisos para animaciones y funciones nativas -->
28    <uses-permission android:name="android.permission.VIBRATE" />
28-->src\main\AndroidManifest.xml:20:5-66
28-->src\main\AndroidManifest.xml:20:22-63
29    <uses-permission android:name="android.permission.SENSOR" />
29-->src\main\AndroidManifest.xml:21:5-65
29-->src\main\AndroidManifest.xml:21:22-62
30
31    <uses-feature
31-->src\main\AndroidManifest.xml:23:5-85
32        android:name="android.hardware.camera"
32-->src\main\AndroidManifest.xml:23:19-57
33        android:required="false" />
33-->src\main\AndroidManifest.xml:23:58-82
34    <uses-feature
34-->src\main\AndroidManifest.xml:24:5-99
35        android:name="android.hardware.sensor.accelerometer"
35-->src\main\AndroidManifest.xml:24:19-71
36        android:required="false" />
36-->src\main\AndroidManifest.xml:24:72-96
37    <uses-feature
37-->src\main\AndroidManifest.xml:25:5-95
38        android:name="android.hardware.sensor.proximity"
38-->src\main\AndroidManifest.xml:25:19-67
39        android:required="false" />
39-->src\main\AndroidManifest.xml:25:68-92
40    <uses-feature
40-->src\main\AndroidManifest.xml:26:5-91
41        android:name="android.hardware.sensor.light"
41-->src\main\AndroidManifest.xml:26:19-63
42        android:required="false" />
42-->src\main\AndroidManifest.xml:26:64-88
43    <uses-feature
43-->src\main\AndroidManifest.xml:27:5-95
44        android:name="android.hardware.camera.autofocus"
44-->src\main\AndroidManifest.xml:27:19-67
45        android:required="false" />
45-->src\main\AndroidManifest.xml:27:68-92
46
47    <permission
47-->[androidx.core:core:1.15.0] AndroidManifest.xml:22:5-24:47
48        android:name="com.example.barbershopapp.debug.DYNAMIC_RECEIVER_NOT_EXPORTED_PERMISSION"
48-->[androidx.core:core:1.15.0] AndroidManifest.xml:23:9-81
49        android:protectionLevel="signature" />
49-->[androidx.core:core:1.15.0] AndroidManifest.xml:24:9-44
50
51    <uses-permission android:name="com.example.barbershopapp.debug.DYNAMIC_RECEIVER_NOT_EXPORTED_PERMISSION" />
51-->[androidx.core:core:1.15.0] AndroidManifest.xml:26:5-97
51-->[androidx.core:core:1.15.0] AndroidManifest.xml:26:22-94
52
53    <application
53-->src\main\AndroidManifest.xml:29:5-96:19
54        android:allowBackup="true"
54-->src\main\AndroidManifest.xml:30:9-35
55        android:appComponentFactory="androidx.core.app.CoreComponentFactory"
55-->[androidx.core:core:1.15.0] AndroidManifest.xml:28:18-86
56        android:debuggable="true"
57        android:extractNativeLibs="false"
58        android:icon="@mipmap/ic_launcher"
58-->src\main\AndroidManifest.xml:31:9-43
59        android:label="@string/app_name"
59-->src\main\AndroidManifest.xml:32:9-41
60        android:roundIcon="@mipmap/ic_launcher_round"
60-->src\main\AndroidManifest.xml:33:9-54
61        android:supportsRtl="true"
61-->src\main\AndroidManifest.xml:34:9-35
62        android:testOnly="true"
63        android:theme="@style/Theme.BarberShopApp" >
63-->src\main\AndroidManifest.xml:35:9-51
64
65        <!-- LoginActivity es ahora la actividad principal -->
66        <activity
66-->src\main\AndroidManifest.xml:39:9-47:20
67            android:name="com.example.barbershopapp.ui.LoginActivity"
67-->src\main\AndroidManifest.xml:40:13-45
68            android:exported="true"
68-->src\main\AndroidManifest.xml:41:13-36
69            android:theme="@style/Theme.BarberShopApp.NoActionBar" >
69-->src\main\AndroidManifest.xml:42:13-67
70            <intent-filter>
70-->src\main\AndroidManifest.xml:43:13-46:29
71                <action android:name="android.intent.action.MAIN" />
71-->src\main\AndroidManifest.xml:44:17-69
71-->src\main\AndroidManifest.xml:44:25-66
72
73                <category android:name="android.intent.category.LAUNCHER" />
73-->src\main\AndroidManifest.xml:45:17-77
73-->src\main\AndroidManifest.xml:45:27-74
74            </intent-filter>
75        </activity>
76        <activity
76-->src\main\AndroidManifest.xml:49:9-53:46
77            android:name="com.example.barbershopapp.ui.MainActivity"
77-->src\main\AndroidManifest.xml:50:13-44
78            android:exported="false"
78-->src\main\AndroidManifest.xml:51:13-37
79            android:launchMode="singleTop"
79-->src\main\AndroidManifest.xml:53:13-43
80            android:theme="@style/Theme.BarberShopApp.MainActivity" />
80-->src\main\AndroidManifest.xml:52:13-68
81        <activity
81-->src\main\AndroidManifest.xml:55:9-59:61
82            android:name="com.example.barbershopapp.ui.AddProductActivity"
82-->src\main\AndroidManifest.xml:56:13-50
83            android:exported="false"
83-->src\main\AndroidManifest.xml:57:13-37
84            android:label="Agregar Producto"
84-->src\main\AndroidManifest.xml:58:13-45
85            android:parentActivityName="com.example.barbershopapp.ui.MainActivity" />
85-->src\main\AndroidManifest.xml:59:13-58
86        <activity
86-->src\main\AndroidManifest.xml:61:9-65:61
87            android:name="com.example.barbershopapp.ui.CartActivity"
87-->src\main\AndroidManifest.xml:62:13-44
88            android:exported="false"
88-->src\main\AndroidManifest.xml:63:13-37
89            android:label="Carrito de Compras"
89-->src\main\AndroidManifest.xml:64:13-47
90            android:parentActivityName="com.example.barbershopapp.ui.MainActivity" />
90-->src\main\AndroidManifest.xml:65:13-58
91        <activity
91-->src\main\AndroidManifest.xml:67:9-71:61
92            android:name="com.example.barbershopapp.ui.ProductDetailActivity"
92-->src\main\AndroidManifest.xml:68:13-53
93            android:exported="false"
93-->src\main\AndroidManifest.xml:69:13-37
94            android:label="Detalles del Producto"
94-->src\main\AndroidManifest.xml:70:13-50
95            android:parentActivityName="com.example.barbershopapp.ui.MainActivity" />
95-->src\main\AndroidManifest.xml:71:13-58
96        <activity
96-->src\main\AndroidManifest.xml:73:9-77:61
97            android:name="com.example.barbershopapp.ui.SalesActivity"
97-->src\main\AndroidManifest.xml:74:13-45
98            android:exported="false"
98-->src\main\AndroidManifest.xml:75:13-37
99            android:label="Ventas"
99-->src\main\AndroidManifest.xml:76:13-35
100            android:parentActivityName="com.example.barbershopapp.ui.MainActivity" />
100-->src\main\AndroidManifest.xml:77:13-58
101        <activity
101-->src\main\AndroidManifest.xml:79:9-83:61
102            android:name="com.example.barbershopapp.ui.ProfileActivity"
102-->src\main\AndroidManifest.xml:80:13-47
103            android:exported="false"
103-->src\main\AndroidManifest.xml:81:13-37
104            android:label="Perfil"
104-->src\main\AndroidManifest.xml:82:13-35
105            android:parentActivityName="com.example.barbershopapp.ui.MainActivity" />
105-->src\main\AndroidManifest.xml:83:13-58
106
107        <!-- FileProvider para manejo de imágenes -->
108        <provider
109            android:name="androidx.core.content.FileProvider"
109-->src\main\AndroidManifest.xml:87:13-62
110            android:authorities="com.example.barbershopapp.debug.fileprovider"
110-->src\main\AndroidManifest.xml:88:13-64
111            android:exported="false"
111-->src\main\AndroidManifest.xml:89:13-37
112            android:grantUriPermissions="true" >
112-->src\main\AndroidManifest.xml:90:13-47
113            <meta-data
113-->src\main\AndroidManifest.xml:91:13-93:54
114                android:name="android.support.FILE_PROVIDER_PATHS"
114-->src\main\AndroidManifest.xml:92:17-67
115                android:resource="@xml/file_paths" />
115-->src\main\AndroidManifest.xml:93:17-51
116        </provider>
117
118        <activity
118-->[com.google.android.gms:play-services-base:18.5.0] AndroidManifest.xml:5:9-173
119            android:name="com.google.android.gms.common.api.GoogleApiActivity"
119-->[com.google.android.gms:play-services-base:18.5.0] AndroidManifest.xml:5:19-85
120            android:exported="false"
120-->[com.google.android.gms:play-services-base:18.5.0] AndroidManifest.xml:5:146-170
121            android:theme="@android:style/Theme.Translucent.NoTitleBar" />
121-->[com.google.android.gms:play-services-base:18.5.0] AndroidManifest.xml:5:86-145
122
123        <provider
123-->[androidx.emoji2:emoji2:1.3.0] AndroidManifest.xml:24:9-32:20
124            android:name="androidx.startup.InitializationProvider"
124-->[androidx.emoji2:emoji2:1.3.0] AndroidManifest.xml:25:13-67
125            android:authorities="com.example.barbershopapp.debug.androidx-startup"
125-->[androidx.emoji2:emoji2:1.3.0] AndroidManifest.xml:26:13-68
126            android:exported="false" >
126-->[androidx.emoji2:emoji2:1.3.0] AndroidManifest.xml:27:13-37
127            <meta-data
127-->[androidx.emoji2:emoji2:1.3.0] AndroidManifest.xml:29:13-31:52
128                android:name="androidx.emoji2.text.EmojiCompatInitializer"
128-->[androidx.emoji2:emoji2:1.3.0] AndroidManifest.xml:30:17-75
129                android:value="androidx.startup" />
129-->[androidx.emoji2:emoji2:1.3.0] AndroidManifest.xml:31:17-49
130            <meta-data
130-->[androidx.lifecycle:lifecycle-process:2.8.7] AndroidManifest.xml:29:13-31:52
131                android:name="androidx.lifecycle.ProcessLifecycleInitializer"
131-->[androidx.lifecycle:lifecycle-process:2.8.7] AndroidManifest.xml:30:17-78
132                android:value="androidx.startup" />
132-->[androidx.lifecycle:lifecycle-process:2.8.7] AndroidManifest.xml:31:17-49
133            <meta-data
133-->[androidx.profileinstaller:profileinstaller:1.4.0] AndroidManifest.xml:29:13-31:52
134                android:name="androidx.profileinstaller.ProfileInstallerInitializer"
134-->[androidx.profileinstaller:profileinstaller:1.4.0] AndroidManifest.xml:30:17-85
135                android:value="androidx.startup" />
135-->[androidx.profileinstaller:profileinstaller:1.4.0] AndroidManifest.xml:31:17-49
136        </provider>
137
138        <uses-library
138-->[androidx.window:window:1.0.0] AndroidManifest.xml:25:9-27:40
139            android:name="androidx.window.extensions"
139-->[androidx.window:window:1.0.0] AndroidManifest.xml:26:13-54
140            android:required="false" />
140-->[androidx.window:window:1.0.0] AndroidManifest.xml:27:13-37
141        <uses-library
141-->[androidx.window:window:1.0.0] AndroidManifest.xml:28:9-30:40
142            android:name="androidx.window.sidecar"
142-->[androidx.window:window:1.0.0] AndroidManifest.xml:29:13-51
143            android:required="false" />
143-->[androidx.window:window:1.0.0] AndroidManifest.xml:30:13-37
144
145        <service
145-->[androidx.room:room-runtime:2.6.1] AndroidManifest.xml:24:9-28:63
146            android:name="androidx.room.MultiInstanceInvalidationService"
146-->[androidx.room:room-runtime:2.6.1] AndroidManifest.xml:25:13-74
147            android:directBootAware="true"
147-->[androidx.room:room-runtime:2.6.1] AndroidManifest.xml:26:13-43
148            android:exported="false" />
148-->[androidx.room:room-runtime:2.6.1] AndroidManifest.xml:27:13-37
149
150        <meta-data
150-->[com.google.android.gms:play-services-basement:18.4.0] AndroidManifest.xml:6:9-122
151            android:name="com.google.android.gms.version"
151-->[com.google.android.gms:play-services-basement:18.4.0] AndroidManifest.xml:6:20-65
152            android:value="@integer/google_play_services_version" />
152-->[com.google.android.gms:play-services-basement:18.4.0] AndroidManifest.xml:6:66-119
153
154        <receiver
154-->[androidx.profileinstaller:profileinstaller:1.4.0] AndroidManifest.xml:34:9-52:20
155            android:name="androidx.profileinstaller.ProfileInstallReceiver"
155-->[androidx.profileinstaller:profileinstaller:1.4.0] AndroidManifest.xml:35:13-76
156            android:directBootAware="false"
156-->[androidx.profileinstaller:profileinstaller:1.4.0] AndroidManifest.xml:36:13-44
157            android:enabled="true"
157-->[androidx.profileinstaller:profileinstaller:1.4.0] AndroidManifest.xml:37:13-35
158            android:exported="true"
158-->[androidx.profileinstaller:profileinstaller:1.4.0] AndroidManifest.xml:38:13-36
159            android:permission="android.permission.DUMP" >
159-->[androidx.profileinstaller:profileinstaller:1.4.0] AndroidManifest.xml:39:13-57
160            <intent-filter>
160-->[androidx.profileinstaller:profileinstaller:1.4.0] AndroidManifest.xml:40:13-42:29
161                <action android:name="androidx.profileinstaller.action.INSTALL_PROFILE" />
161-->[androidx.profileinstaller:profileinstaller:1.4.0] AndroidManifest.xml:41:17-91
161-->[androidx.profileinstaller:profileinstaller:1.4.0] AndroidManifest.xml:41:25-88
162            </intent-filter>
163            <intent-filter>
163-->[androidx.profileinstaller:profileinstaller:1.4.0] AndroidManifest.xml:43:13-45:29
164                <action android:name="androidx.profileinstaller.action.SKIP_FILE" />
164-->[androidx.profileinstaller:profileinstaller:1.4.0] AndroidManifest.xml:44:17-85
164-->[androidx.profileinstaller:profileinstaller:1.4.0] AndroidManifest.xml:44:25-82
165            </intent-filter>
166            <intent-filter>
166-->[androidx.profileinstaller:profileinstaller:1.4.0] AndroidManifest.xml:46:13-48:29
167                <action android:name="androidx.profileinstaller.action.SAVE_PROFILE" />
167-->[androidx.profileinstaller:profileinstaller:1.4.0] AndroidManifest.xml:47:17-88
167-->[androidx.profileinstaller:profileinstaller:1.4.0] AndroidManifest.xml:47:25-85
168            </intent-filter>
169            <intent-filter>
169-->[androidx.profileinstaller:profileinstaller:1.4.0] AndroidManifest.xml:49:13-51:29
170                <action android:name="androidx.profileinstaller.action.BENCHMARK_OPERATION" />
170-->[androidx.profileinstaller:profileinstaller:1.4.0] AndroidManifest.xml:50:17-95
170-->[androidx.profileinstaller:profileinstaller:1.4.0] AndroidManifest.xml:50:25-92
171            </intent-filter>
172        </receiver>
173    </application>
174
175</manifest>